<?xml version="1.0" encoding="UTF-8"?>
<!-- Generated by org.testng.reporters.JUnitReportReporter -->
<testsuite hostname="meem" failures="0" tests="1" name="learnTestNGParameters_excel.CreatLead" time="0.000" errors="0" timestamp="2022-11-28T21:42:04 EST" skipped="1">
  <testcase classname="learnTestNGParameters_excel.CreatLead" name="creatLead" time="0.000">
    <skipped/>
  </testcase> <!-- creatLead -->
</testsuite> <!-- learnTestNGParameters_excel.CreatLead -->
