<?xml version="1.0" encoding="UTF-8"?>
<!-- Generated by org.testng.reporters.JUnitReportReporter -->
<testsuite hostname="meem" failures="0" tests="3" name="learn_Selenium_Interface.CreatLead" time="37.800" errors="0" timestamp="2022-12-08T01:08:16 EST" skipped="0">
  <testcase classname="learn_Selenium_Interface.CreatLead" name="creatLead" time="12.510"/>
  <testcase classname="learn_Selenium_Interface.CreatLead" name="creatLead" time="12.873"/>
  <testcase classname="learn_Selenium_Interface.CreatLead" name="creatLead" time="12.417"/>
</testsuite> <!-- learn_Selenium_Interface.CreatLead -->
