<?xml version="1.0" encoding="UTF-8"?>
<!-- Generated by org.testng.reporters.JUnitReportReporter -->
<testsuite hostname="meem" failures="0" tests="3" name="learnSelenium.Frame" time="5.981" errors="0" timestamp="2022-11-19T13:51:24 EST" skipped="0">
  <testcase classname="learnSelenium.Frame" name="selectable" time="1.553"/>
  <testcase classname="learnSelenium.Frame" name="dragAndDrop" time="1.525"/>
  <testcase classname="learnSelenium.Frame" name="sortable" time="2.903"/>
</testsuite> <!-- learnSelenium.Frame -->
