<?xml version="1.0" encoding="UTF-8"?>
<!-- Generated by org.testng.reporters.JUnitReportReporter -->
<testsuite hostname="meem" failures="0" tests="3" name="learnTestNG.AnnotationOrder" time="0.010" errors="0" timestamp="2022-10-14T14:26:20 EDT" skipped="0">
  <testcase classname="learnTestNG.AnnotationOrder" name="test2" time="0.007"/>
  <testcase classname="learnTestNG.AnnotationOrder" name="test3" time="0.002"/>
  <testcase classname="learnTestNG.AnnotationOrder" name="test1" time="0.001"/>
</testsuite> <!-- learnTestNG.AnnotationOrder -->
