<?xml version="1.0" encoding="UTF-8"?>
<!-- Generated by org.testng.reporters.JUnitReportReporter -->
<testsuite hostname="meem" failures="0" tests="1" name="learn_Selenium_Interface1.CreatLead" time="10.687" errors="0" timestamp="2022-11-17T19:57:16 EST" skipped="0">
  <testcase classname="learn_Selenium_Interface1.CreatLead" name="creatLead" time="10.687"/>
</testsuite> <!-- learn_Selenium_Interface1.CreatLead -->
