<?xml version="1.0" encoding="UTF-8"?>
<!-- Generated by org.testng.reporters.JUnitReportReporter -->
<testsuite hostname="meem" failures="0" tests="3" name="testDataProvider_excel.CreatLead" time="74.478" errors="0" timestamp="2022-11-07T14:22:51 EST" skipped="0">
  <testcase classname="testDataProvider_excel.CreatLead" name="creatLead" time="24.816"/>
  <testcase classname="testDataProvider_excel.CreatLead" name="creatLead" time="24.985"/>
  <testcase classname="testDataProvider_excel.CreatLead" name="creatLead" time="24.677"/>
</testsuite> <!-- testDataProvider_excel.CreatLead -->
