<?xml version="1.0" encoding="UTF-8"?>
<!-- Generated by org.testng.reporters.JUnitReportReporter -->
<testsuite hostname="meem" failures="0" tests="1" name="testCases_LeafTapWD.CreateLead" time="42.758" errors="0" timestamp="2022-10-26T09:07:10 EDT" skipped="0">
  <testcase classname="testCases_LeafTapWD.CreateLead" name="creatLead" time="42.758"/>
</testsuite> <!-- testCases_LeafTapWD.CreateLead -->
