<?xml version="1.0" encoding="UTF-8"?>
<!-- Generated by org.testng.reporters.JUnitReportReporter -->
<testsuite hostname="meem" failures="0" tests="1" name="multiBrowserSelenium.ChromeBrowser" time="3.375" errors="0" timestamp="2022-10-21T14:28:37 EDT" skipped="0">
  <testcase classname="multiBrowserSelenium.ChromeBrowser" name="creatLead" time="3.375"/>
</testsuite> <!-- multiBrowserSelenium.ChromeBrowser -->
