<?xml version="1.0" encoding="UTF-8"?>
<!-- Generated by org.testng.reporters.JUnitReportReporter -->
<testsuite hostname="meem" failures="0" tests="5" name="steps.RunnerFile1" time="22.942" errors="5" timestamp="2022-11-30T21:08:42 EST" skipped="0">
  <testcase classname="steps.RunnerFile1" name="runScenario" time="4.898">
    <error message="Cannot invoke &quot;org.openqa.selenium.chrome.ChromeDriver.findElementById(String)&quot; because &quot;this.driver&quot; is null" type="java.lang.NullPointerException">
      <![CDATA[java.lang.NullPointerException: Cannot invoke "org.openqa.selenium.chrome.ChromeDriver.findElementById(String)" because "this.driver" is null
at steps.LoginTest1.enter_Username_as_DemoSalesManager(LoginTest1.java:24)
at ✽.Enter Username as DemoSalesManager(file:src/test/java/features1/doc1.feature:6)
]]>
    </error>
  </testcase> <!-- runScenario -->
  <testcase classname="steps.RunnerFile1" name="runScenario" time="4.496">
    <error message="Cannot invoke &quot;org.openqa.selenium.chrome.ChromeDriver.findElementById(String)&quot; because &quot;this.driver&quot; is null" type="java.lang.NullPointerException">
      <![CDATA[java.lang.NullPointerException: Cannot invoke "org.openqa.selenium.chrome.ChromeDriver.findElementById(String)" because "this.driver" is null
at steps.LoginTest1.enter_Username_as_DemoSalesManager(LoginTest1.java:24)
at ✽.Enter Username as DemoSalesManager(file:src/test/java/features1/doc1.feature:33)
]]>
    </error>
  </testcase> <!-- runScenario -->
  <testcase classname="steps.RunnerFile1" name="runScenario" time="4.707">
    <error message="Cannot invoke &quot;org.openqa.selenium.chrome.ChromeDriver.findElementById(String)&quot; because &quot;this.driver&quot; is null" type="java.lang.NullPointerException">
      <![CDATA[java.lang.NullPointerException: Cannot invoke "org.openqa.selenium.chrome.ChromeDriver.findElementById(String)" because "this.driver" is null
at steps.LoginTest1.enter_Username_as_DemoSalesManager(LoginTest1.java:24)
at ✽.Enter Username as DemoSalesManager(file:src/test/java/features1/doc1.feature:33)
]]>
    </error>
  </testcase> <!-- runScenario -->
  <testcase classname="steps.RunnerFile1" name="runScenario" time="4.403">
    <error message="Cannot invoke &quot;org.openqa.selenium.chrome.ChromeDriver.findElementById(String)&quot; because &quot;this.driver&quot; is null" type="java.lang.NullPointerException">
      <![CDATA[java.lang.NullPointerException: Cannot invoke "org.openqa.selenium.chrome.ChromeDriver.findElementById(String)" because "this.driver" is null
at steps.LoginTest1.enter_Username_as_DemoCSR(LoginTest1.java:49)
at ✽.Enter Username as DemoCSR(file:src/test/java/features1/doc1.feature:6)
]]>
    </error>
  </testcase> <!-- runScenario -->
  <testcase classname="steps.RunnerFile1" name="runScenario" time="4.438">
    <error message="Cannot invoke &quot;org.openqa.selenium.chrome.ChromeDriver.findElementById(String)&quot; because &quot;this.driver&quot; is null" type="java.lang.NullPointerException">
      <![CDATA[java.lang.NullPointerException: Cannot invoke "org.openqa.selenium.chrome.ChromeDriver.findElementById(String)" because "this.driver" is null
at steps.LoginTest1.enter_Username_as_DemoSalesManager(LoginTest1.java:24)
at ✽.Enter Username as DemoSalesManager(file:src/test/java/features1/doc1.feature:22)
]]>
    </error>
  </testcase> <!-- runScenario -->
</testsuite> <!-- steps.RunnerFile1 -->
