<?xml version="1.0" encoding="UTF-8"?>
<!-- Generated by org.testng.reporters.JUnitReportReporter -->
<testsuite hostname="meem" failures="0" tests="3" name="learnTestNGParameters1.CreatLead" time="47.893" errors="0" timestamp="2022-11-28T08:21:18 EST" skipped="0">
  <testcase classname="learnTestNGParameters1.CreatLead" name="creatLead" time="29.647"/>
  <testcase classname="learnTestNGParameters1.CreatLead" name="creatLead" time="9.113"/>
  <testcase classname="learnTestNGParameters1.CreatLead" name="creatLead" time="9.133"/>
</testsuite> <!-- learnTestNGParameters1.CreatLead -->
