<?xml version="1.0" encoding="UTF-8"?>
<!-- Generated by org.testng.reporters.JUnitReportReporter -->
<testsuite hostname="meem" failures="0" tests="4" name="learnTestNG.Priority" time="116.025" errors="0" timestamp="2022-10-14T15:51:28 EDT" skipped="0">
  <testcase classname="learnTestNG.Priority" name="mergeLead" time="27.982"/>
  <testcase classname="learnTestNG.Priority" name="createLead" time="40.601"/>
  <testcase classname="learnTestNG.Priority" name="editLead" time="31.854"/>
  <testcase classname="learnTestNG.Priority" name="deleteLead" time="15.588"/>
</testsuite> <!-- learnTestNG.Priority -->
