<?xml version="1.0" encoding="UTF-8"?>
<!-- Generated by org.testng.reporters.JUnitReportReporter -->
<testsuite hostname="meem" failures="0" tests="1" name="learnTestNG.CreatLead" time="25.599" errors="0" timestamp="2022-10-14T14:26:57 EDT" skipped="0">
  <testcase classname="learnTestNG.CreatLead" name="createLead" time="25.599"/>
</testsuite> <!-- learnTestNG.CreatLead -->
