<?xml version="1.0" encoding="UTF-8"?>
<!-- Generated by org.testng.reporters.JUnitReportReporter -->
<testsuite hostname="meem" failures="0" tests="1" name="aui_Advance_User_Interaction.KeysDown5" time="2.347" errors="0" timestamp="2022-12-04T23:54:03 EST" skipped="0">
  <testcase classname="aui_Advance_User_Interaction.KeysDown5" name="kdown" time="2.347"/>
</testsuite> <!-- aui_Advance_User_Interaction.KeysDown5 -->
