<?xml version="1.0" encoding="UTF-8"?>
<!-- Generated by org.testng.reporters.JUnitReportReporter -->
<testsuite hostname="meem" failures="0" tests="1" name="utils_test.CreatLead" time="0.000" errors="0" timestamp="2022-11-04T13:12:07 EDT" skipped="1">
  <testcase classname="utils_test.CreatLead" name="createLead" time="0.000">
    <skipped/>
  </testcase> <!-- createLead -->
</testsuite> <!-- utils_test.CreatLead -->
