<?xml version="1.0" encoding="UTF-8"?>
<!-- Generated by org.testng.reporters.JUnitReportReporter -->
<testsuite hostname="meem" failures="0" tests="1" name="readExcel.ReadExcel7" time="0.357" errors="0" timestamp="2022-11-01T00:11:17 EDT" skipped="0">
  <testcase classname="readExcel.ReadExcel7" name="excel" time="0.357"/>
</testsuite> <!-- readExcel.ReadExcel7 -->
