<?xml version="1.0" encoding="UTF-8"?>
<!-- Generated by org.testng.reporters.JUnitReportReporter -->
<testsuite hostname="meem" failures="0" tests="1" name="learn_Selenium_Interface.CreatLead" time="0.000" errors="0" timestamp="2022-11-16T22:37:17 EST" skipped="1">
  <testcase classname="learn_Selenium_Interface.CreatLead" name="creatLead" time="0.000">
    <skipped/>
  </testcase> <!-- creatLead -->
</testsuite> <!-- learn_Selenium_Interface.CreatLead -->
