<?xml version="1.0" encoding="UTF-8"?>
<!-- Generated by org.testng.reporters.JUnitReportReporter -->
<testsuite hostname="meem" failures="0" tests="1" name="learnTestNG.AnnotationOrder2" time="0.009" errors="0" timestamp="2022-10-31T22:22:48 EDT" skipped="0">
  <testcase classname="learnTestNG.AnnotationOrder2" name="test" time="0.009"/>
</testsuite> <!-- learnTestNG.AnnotationOrder2 -->
