<?xml version="1.0" encoding="UTF-8"?>
<!-- Generated by org.testng.reporters.JUnitReportReporter -->
<testsuite hostname="meem" failures="0" tests="1" name="testCases_LeafTapWD.CreateOpportunity" time="30.216" errors="0" timestamp="2022-10-26T09:07:10 EDT" skipped="0">
  <testcase classname="testCases_LeafTapWD.CreateOpportunity" name="createOpportunity" time="30.216"/>
</testsuite> <!-- testCases_LeafTapWD.CreateOpportunity -->
