<?xml version="1.0" encoding="UTF-8"?>
<!-- Generated by org.testng.reporters.JUnitReportReporter -->
<testsuite hostname="meem" failures="0" tests="1" name="learnTestNG.AnnotationOrder1" time="0.004" errors="0" timestamp="2022-10-14T21:13:43 EDT" skipped="0">
  <testcase classname="learnTestNG.AnnotationOrder1" name="test" time="0.004"/>
</testsuite> <!-- learnTestNG.AnnotationOrder1 -->
