<?xml version="1.0" encoding="UTF-8"?>
<!-- Generated by org.testng.reporters.JUnitReportReporter -->
<testsuite hostname="meem" failures="0" tests="1" name="learnTestNGParameters2.CreatLead" time="17.679" errors="0" timestamp="2022-11-02T15:31:32 EDT" skipped="0">
  <testcase classname="learnTestNGParameters2.CreatLead" name="CreateLead" time="17.679"/>
</testsuite> <!-- learnTestNGParameters2.CreatLead -->
