<?xml version="1.0" encoding="UTF-8"?>
<!-- Generated by org.testng.reporters.JUnitReportReporter -->
<testsuite hostname="meem" failures="0" tests="3" name="learnTestNGParameters_excel_1.TestCase" time="28.870" errors="0" timestamp="2022-12-02T09:59:18 EST" skipped="0">
  <testcase classname="learnTestNGParameters_excel_1.TestCase" name="creatLead" time="9.835"/>
  <testcase classname="learnTestNGParameters_excel_1.TestCase" name="creatLead" time="9.359"/>
  <testcase classname="learnTestNGParameters_excel_1.TestCase" name="creatLead" time="9.676"/>
</testsuite> <!-- learnTestNGParameters_excel_1.TestCase -->
