<?xml version="1.0" encoding="UTF-8"?>
<!-- Generated by org.testng.reporters.JUnitReportReporter -->
<testsuite hostname="meem" failures="0" tests="1" name="learn_Selenium_Interface2.CreatLead" time="3.378" errors="0" timestamp="2022-11-18T08:53:35 EST" skipped="0">
  <testcase classname="learn_Selenium_Interface2.CreatLead" name="creatLead" time="3.378"/>
</testsuite> <!-- learn_Selenium_Interface2.CreatLead -->
