<?xml version="1.0" encoding="UTF-8"?>
<!-- Generated by org.testng.reporters.JUnitReportReporter -->
<testsuite hostname="meem" failures="0" tests="1" name="multiBrowserSelenium.EdgeBrowser1" time="5.140" errors="0" timestamp="2022-10-25T00:28:00 EDT" skipped="0">
  <testcase classname="multiBrowserSelenium.EdgeBrowser1" name="testLeaf" time="5.140"/>
</testsuite> <!-- multiBrowserSelenium.EdgeBrowser1 -->
