<?xml version="1.0" encoding="UTF-8"?>
<!-- Generated by org.testng.reporters.JUnitReportReporter -->
<testsuite hostname="meem" failures="0" tests="1" name="testCases_LeafTapEdge.CreateLead" time="11.096" errors="0" timestamp="2022-11-01T18:45:58 EDT" skipped="0">
  <testcase classname="testCases_LeafTapEdge.CreateLead" name="createLead" time="11.096"/>
</testsuite> <!-- testCases_LeafTapEdge.CreateLead -->
