<?xml version="1.0" encoding="UTF-8"?>
<!-- Generated by org.testng.reporters.JUnitReportReporter -->
<testsuite hostname="meem" failures="0" tests="4" name="learnSelenium.Frame" time="14.312" errors="0" timestamp="2022-11-19T21:30:40 EST" skipped="0">
  <testcase classname="learnSelenium.Frame" name="mouseHvr" time="5.534"/>
  <testcase classname="learnSelenium.Frame" name="selectable" time="1.930"/>
  <testcase classname="learnSelenium.Frame" name="dragAndDrop" time="2.050"/>
  <testcase classname="learnSelenium.Frame" name="sortable" time="4.798"/>
</testsuite> <!-- learnSelenium.Frame -->
