<?xml version="1.0" encoding="UTF-8"?>
<!-- Generated by org.testng.reporters.JUnitReportReporter -->
<testsuite hostname="meem" failures="0" tests="3" name="learnTestNGParameters1.CreatLead" time="27.022" errors="0" timestamp="2022-11-04T22:18:55 EDT" skipped="0">
  <testcase classname="learnTestNGParameters1.CreatLead" name="creatLead" time="8.819"/>
  <testcase classname="learnTestNGParameters1.CreatLead" name="creatLead" time="9.036"/>
  <testcase classname="learnTestNGParameters1.CreatLead" name="creatLead" time="9.167"/>
</testsuite> <!-- learnTestNGParameters1.CreatLead -->
