<?xml version="1.0" encoding="UTF-8"?>
<!-- Generated by org.testng.reporters.JUnitReportReporter -->
<testsuite hostname="meem" failures="0" tests="1" name="learnTestNGParameters_excel.CreatLead1" time="0.000" errors="0" timestamp="2022-11-09T17:15:24 EST" skipped="1">
  <testcase classname="learnTestNGParameters_excel.CreatLead1" name="CreatLead" time="0.000">
    <skipped/>
  </testcase> <!-- CreatLead -->
</testsuite> <!-- learnTestNGParameters_excel.CreatLead1 -->
