<?xml version="1.0" encoding="UTF-8"?>
<!-- Generated by org.testng.reporters.JUnitReportReporter -->
<testsuite hostname="meem" failures="0" tests="1" name="testCases_LeafTapWD.CreateAccount" time="27.530" errors="0" timestamp="2022-12-02T09:48:07 EST" skipped="0">
  <testcase classname="testCases_LeafTapWD.CreateAccount" name="createAccount" time="27.530"/>
</testsuite> <!-- testCases_LeafTapWD.CreateAccount -->
