<?xml version="1.0" encoding="UTF-8"?>
<!-- Generated by org.testng.reporters.JUnitReportReporter -->
<testsuite hostname="meem" failures="0" tests="1" name="steps2.RunnerFile2" time="0.000" errors="0" timestamp="2022-12-01T09:55:21 EST" skipped="1">
  <testcase classname="steps2.RunnerFile2" name="runScenario" time="0.000">
    <skipped/>
  </testcase> <!-- runScenario -->
</testsuite> <!-- steps2.RunnerFile2 -->
