<?xml version="1.0" encoding="UTF-8"?>
<!-- Generated by org.testng.reporters.JUnitReportReporter -->
<testsuite hostname="meem" failures="0" tests="1" name="aui_Advance_User_Interaction.DragAndDrop6" time="1.978" errors="0" timestamp="2022-11-03T20:42:07 EDT" skipped="0">
  <testcase classname="aui_Advance_User_Interaction.DragAndDrop6" name="draganddrop" time="1.978"/>
</testsuite> <!-- aui_Advance_User_Interaction.DragAndDrop6 -->
