<?xml version="1.0" encoding="UTF-8"?>
<!-- Generated by org.testng.reporters.JUnitReportReporter -->
<testsuite hostname="meem" failures="0" tests="1" name="readExcel.ReadExcel8" time="0.358" errors="0" timestamp="2022-11-01T00:25:58 EDT" skipped="0">
  <testcase classname="readExcel.ReadExcel8" name="excel" time="0.358"/>
</testsuite> <!-- readExcel.ReadExcel8 -->
