<?xml version="1.0" encoding="UTF-8"?>
<!-- Generated by org.testng.reporters.JUnitReportReporter -->
<testsuite hostname="meem" failures="0" tests="2" name="learnTestNG.TestLeaf" time="34.902" errors="0" timestamp="2022-11-21T23:58:08 EST" skipped="0">
  <testcase classname="learnTestNG.TestLeaf" name="CreateAccount" time="14.342"/>
  <testcase classname="learnTestNG.TestLeaf" name="CreatLead" time="20.560"/>
</testsuite> <!-- learnTestNG.TestLeaf -->
