<?xml version="1.0" encoding="UTF-8"?>
<!-- Generated by org.testng.reporters.JUnitReportReporter -->
<testsuite hostname="meem" failures="0" tests="1" name="learnTestNG.CreatLead1" time="24.357" errors="0" timestamp="2022-10-14T14:43:14 EDT" skipped="0">
  <testcase classname="learnTestNG.CreatLead1" name="creatLead" time="24.357"/>
</testsuite> <!-- learnTestNG.CreatLead1 -->
