<?xml version="1.0" encoding="UTF-8"?>
<!-- Generated by org.testng.reporters.JUnitReportReporter -->
<testsuite hostname="meem" failures="0" tests="1" name="aui_Advance_User_Interaction.KeysDown5" time="2.497" errors="0" timestamp="2022-11-03T20:59:50 EDT" skipped="0">
  <testcase classname="aui_Advance_User_Interaction.KeysDown5" name="kdown" time="2.497"/>
</testsuite> <!-- aui_Advance_User_Interaction.KeysDown5 -->
