<?xml version="1.0" encoding="UTF-8"?>
<!-- Generated by org.testng.reporters.JUnitReportReporter -->
<testsuite hostname="meem" failures="0" tests="1" name="learnTestNGParameters.CreateLead" time="23.033" errors="0" timestamp="2022-11-02T22:23:44 EDT" skipped="0">
  <testcase classname="learnTestNGParameters.CreateLead" name="creatLead" time="23.033"/>
</testsuite> <!-- learnTestNGParameters.CreateLead -->
