<?xml version="1.0" encoding="UTF-8"?>
<!-- Generated by org.testng.reporters.JUnitReportReporter -->
<testsuite hostname="meem" failures="0" tests="3" name="learnTestNGParameters_excel.CreatLead" time="27.007" errors="0" timestamp="2022-11-04T22:11:36 EDT" skipped="0">
  <testcase classname="learnTestNGParameters_excel.CreatLead" name="creatLead" time="9.293"/>
  <testcase classname="learnTestNGParameters_excel.CreatLead" name="creatLead" time="8.908"/>
  <testcase classname="learnTestNGParameters_excel.CreatLead" name="creatLead" time="8.806"/>
</testsuite> <!-- learnTestNGParameters_excel.CreatLead -->
